<?xml version="1.0" encoding="UTF-8"?>
<testsuite name="monopoly.TierOneTests" tests="10" skipped="0" failures="0" errors="0" timestamp="2024-02-28T13:42:50" hostname="LENOVO-7PRO" time="0.019">
  <properties/>
  <testcase name="propertyTest_buy_notOnTile()" classname="monopoly.TierOneTests" time="0.003"/>
  <testcase name="propertyTest_buy_noFunds()" classname="monopoly.TierOneTests" time="0.003"/>
  <testcase name="propertyTest_buy_ok()" classname="monopoly.TierOneTests" time="0.001"/>
  <testcase name="tileConstructionTest_1()" classname="monopoly.TierOneTests" time="0.001"/>
  <testcase name="tileConstructionTest_2()" classname="monopoly.TierOneTests" time="0.0"/>
  <testcase name="tileConstructionTest_3()" classname="monopoly.TierOneTests" time="0.0"/>
  <testcase name="tileConstructionTest_4()" classname="monopoly.TierOneTests" time="0.0"/>
  <testcase name="tileConstructionTest_5()" classname="monopoly.TierOneTests" time="0.0"/>
  <testcase name="tileConstructiontest_6()" classname="monopoly.TierOneTests" time="0.002"/>
  <testcase name="propertyTest_buy_hasOwner()" classname="monopoly.TierOneTests" time="0.001"/>
  <system-out><![CDATA[]]></system-out>
  <system-err><![CDATA[]]></system-err>
</testsuite>
