<?xml version="1.0" encoding="UTF-8"?>
<testsuite name="assignmentone.AlbumGeneratorTest" tests="1" skipped="0" failures="0" errors="0" timestamp="2024-02-13T14:19:48" hostname="LENOVO-7PRO" time="0.003">
  <properties/>
  <testcase name="testAlbumGenerator()" classname="assignmentone.AlbumGeneratorTest" time="0.003"/>
  <system-out><![CDATA[]]></system-out>
  <system-err><![CDATA[]]></system-err>
</testsuite>
