<?xml version="1.0" encoding="UTF-8"?>
<testsuite name="assignmentone.ArrayAlgorithmsTest" tests="6" skipped="0" failures="0" errors="0" timestamp="2024-02-13T14:19:48" hostname="LENOVO-7PRO" time="0.005">
  <properties/>
  <testcase name="testShift()" classname="assignmentone.ArrayAlgorithmsTest" time="0.001"/>
  <testcase name="testAverage()" classname="assignmentone.ArrayAlgorithmsTest" time="0.0"/>
  <testcase name="testMinIndex()" classname="assignmentone.ArrayAlgorithmsTest" time="0.001"/>
  <testcase name="testMaxValue()" classname="assignmentone.ArrayAlgorithmsTest" time="0.001"/>
  <testcase name="testShuffle()" classname="assignmentone.ArrayAlgorithmsTest" time="0.0"/>
  <testcase name="testMaxValueNegatives()" classname="assignmentone.ArrayAlgorithmsTest" time="0.0"/>
  <system-out><![CDATA[]]></system-out>
  <system-err><![CDATA[]]></system-err>
</testsuite>
